-------------------------------------------------------------------------------
Test set: com.example.tree.retriever.spring.TreeRetrieverAutoConfigurationTest
-------------------------------------------------------------------------------
Tests run: 2, Failures: 0, Errors: 2, Skipped: 0, Time elapsed: 0.034 s <<< FAILURE! -- in com.example.tree.retriever.spring.TreeRetrieverAutoConfigurationTest
com.example.tree.retriever.spring.TreeRetrieverAutoConfigurationTest.createsRetrieverBeansWhenChatClientExists -- Time elapsed: 0.001 s <<< ERROR!
java.lang.IllegalStateException: Unable to read meta-data for class com.example.tree.retriever.spring.TreeRetrieverAutoConfiguration
	at org.springframework.boot.autoconfigure.AutoConfigurationSorter$AutoConfigurationClass.getAnnotationMetadata(AutoConfigurationSorter.java:243)
	at org.springframework.boot.autoconfigure.AutoConfigurationSorter$AutoConfigurationClass.getAnnotationValue(AutoConfigurationSorter.java:225)
	at org.springframework.boot.autoconfigure.AutoConfigurationSorter$AutoConfigurationClass.getAfter(AutoConfigurationSorter.java:204)
	at org.springframework.boot.autoconfigure.AutoConfigurationSorter$AutoConfigurationClasses.getClassesRequestedAfter(AutoConfigurationSorter.java:149)
	at org.springframework.boot.autoconfigure.AutoConfigurationSorter.doSortByAfterAnnotation(AutoConfigurationSorter.java:95)
	at org.springframework.boot.autoconfigure.AutoConfigurationSorter.sortByAnnotation(AutoConfigurationSorter.java:82)
	at org.springframework.boot.autoconfigure.AutoConfigurationSorter.getInPriorityOrder(AutoConfigurationSorter.java:72)
	at org.springframework.boot.autoconfigure.AutoConfigurations.sort(AutoConfigurations.java:51)
	at org.springframework.boot.context.annotation.Configurations.<init>(Configurations.java:67)
	at org.springframework.boot.autoconfigure.AutoConfigurations.<init>(AutoConfigurations.java:45)
	at org.springframework.boot.autoconfigure.AutoConfigurations.of(AutoConfigurations.java:68)
	at com.example.tree.retriever.spring.TreeRetrieverAutoConfigurationTest.<init>(TreeRetrieverAutoConfigurationTest.java:18)
	at java.base/java.lang.reflect.Constructor.newInstanceWithCaller(Constructor.java:499)
	at java.base/java.lang.reflect.Constructor.newInstance(Constructor.java:483)
	at java.base/java.util.Optional.orElseGet(Optional.java:364)
	at java.base/java.util.ArrayList.forEach(ArrayList.java:1604)
	at java.base/java.util.ArrayList.forEach(ArrayList.java:1604)
Caused by: org.springframework.core.type.classreading.ClassFormatException: ASM ClassReader failed to parse class file - probably due to a new Java class file version that is not supported yet. Consider compiling with a lower '-target' or upgrade your framework version. Affected class: class path resource [com/example/tree/retriever/spring/TreeRetrieverAutoConfiguration.class]
	at org.springframework.core.type.classreading.SimpleMetadataReader.getClassReader(SimpleMetadataReader.java:59)
	at org.springframework.core.type.classreading.SimpleMetadataReader.<init>(SimpleMetadataReader.java:48)
	at org.springframework.core.type.classreading.SimpleMetadataReaderFactory.getMetadataReader(SimpleMetadataReaderFactory.java:103)
	at org.springframework.core.type.classreading.SimpleMetadataReaderFactory.getMetadataReader(SimpleMetadataReaderFactory.java:81)
	at org.springframework.boot.autoconfigure.AutoConfigurationSorter$AutoConfigurationClass.getAnnotationMetadata(AutoConfigurationSorter.java:239)
	... 16 more
Caused by: java.lang.IllegalArgumentException: Unsupported class file major version 69
	at org.springframework.asm.ClassReader.<init>(ClassReader.java:199)
	at org.springframework.asm.ClassReader.<init>(ClassReader.java:180)
	at org.springframework.asm.ClassReader.<init>(ClassReader.java:166)
	at org.springframework.asm.ClassReader.<init>(ClassReader.java:287)
	at org.springframework.core.type.classreading.SimpleMetadataReader.getClassReader(SimpleMetadataReader.java:56)
	... 20 more

com.example.tree.retriever.spring.TreeRetrieverAutoConfigurationTest.autoConfigurationLoadsSuccessfully -- Time elapsed: 0 s <<< ERROR!
java.lang.IllegalStateException: Unable to read meta-data for class com.example.tree.retriever.spring.TreeRetrieverAutoConfiguration
	at org.springframework.boot.autoconfigure.AutoConfigurationSorter$AutoConfigurationClass.getAnnotationMetadata(AutoConfigurationSorter.java:243)
	at org.springframework.boot.autoconfigure.AutoConfigurationSorter$AutoConfigurationClass.getAnnotationValue(AutoConfigurationSorter.java:225)
	at org.springframework.boot.autoconfigure.AutoConfigurationSorter$AutoConfigurationClass.getAfter(AutoConfigurationSorter.java:204)
	at org.springframework.boot.autoconfigure.AutoConfigurationSorter$AutoConfigurationClasses.getClassesRequestedAfter(AutoConfigurationSorter.java:149)
	at org.springframework.boot.autoconfigure.AutoConfigurationSorter.doSortByAfterAnnotation(AutoConfigurationSorter.java:95)
	at org.springframework.boot.autoconfigure.AutoConfigurationSorter.sortByAnnotation(AutoConfigurationSorter.java:82)
	at org.springframework.boot.autoconfigure.AutoConfigurationSorter.getInPriorityOrder(AutoConfigurationSorter.java:72)
	at org.springframework.boot.autoconfigure.AutoConfigurations.sort(AutoConfigurations.java:51)
	at org.springframework.boot.context.annotation.Configurations.<init>(Configurations.java:67)
	at org.springframework.boot.autoconfigure.AutoConfigurations.<init>(AutoConfigurations.java:45)
	at org.springframework.boot.autoconfigure.AutoConfigurations.of(AutoConfigurations.java:68)
	at com.example.tree.retriever.spring.TreeRetrieverAutoConfigurationTest.<init>(TreeRetrieverAutoConfigurationTest.java:18)
	at java.base/java.lang.reflect.Constructor.newInstanceWithCaller(Constructor.java:499)
	at java.base/java.lang.reflect.Constructor.newInstance(Constructor.java:483)
	at java.base/java.util.Optional.orElseGet(Optional.java:364)
	at java.base/java.util.ArrayList.forEach(ArrayList.java:1604)
	at java.base/java.util.ArrayList.forEach(ArrayList.java:1604)
Caused by: org.springframework.core.type.classreading.ClassFormatException: ASM ClassReader failed to parse class file - probably due to a new Java class file version that is not supported yet. Consider compiling with a lower '-target' or upgrade your framework version. Affected class: class path resource [com/example/tree/retriever/spring/TreeRetrieverAutoConfiguration.class]
	at org.springframework.core.type.classreading.SimpleMetadataReader.getClassReader(SimpleMetadataReader.java:59)
	at org.springframework.core.type.classreading.SimpleMetadataReader.<init>(SimpleMetadataReader.java:48)
	at org.springframework.core.type.classreading.SimpleMetadataReaderFactory.getMetadataReader(SimpleMetadataReaderFactory.java:103)
	at org.springframework.core.type.classreading.SimpleMetadataReaderFactory.getMetadataReader(SimpleMetadataReaderFactory.java:81)
	at org.springframework.boot.autoconfigure.AutoConfigurationSorter$AutoConfigurationClass.getAnnotationMetadata(AutoConfigurationSorter.java:239)
	... 16 more
Caused by: java.lang.IllegalArgumentException: Unsupported class file major version 69
	at org.springframework.asm.ClassReader.<init>(ClassReader.java:199)
	at org.springframework.asm.ClassReader.<init>(ClassReader.java:180)
	at org.springframework.asm.ClassReader.<init>(ClassReader.java:166)
	at org.springframework.asm.ClassReader.<init>(ClassReader.java:287)
	at org.springframework.core.type.classreading.SimpleMetadataReader.getClassReader(SimpleMetadataReader.java:56)
	... 20 more

