<?xml version="1.0" encoding="UTF-8"?>
<testsuite xmlns:xsi="http://www.w3.org/2001/XMLSchema-instance" xsi:noNamespaceSchemaLocation="https://maven.apache.org/surefire/maven-surefire-plugin/xsd/surefire-test-report.xsd" version="3.0.2" name="com.example.tree.retriever.store.InMemorySnapshotStoreTest" time="0.004" tests="4" errors="0" skipped="0" failures="0">
  <properties>
[...]
</properties>
  <testcase name="removePublishesSnapshotOnlyWhenEntryExists" classname="com.example.tree.retriever.store.InMemorySnapshotStoreTest" time="0.001"/>
  <testcase name="snapshotsAreImmutable" classname="com.example.tree.retriever.store.InMemorySnapshotStoreTest" time="0.001"/>
  <testcase name="putPublishesSnapshotOnlyWhenValueChanges" classname="com.example.tree.retriever.store.InMemorySnapshotStoreTest" time="0.0"/>
  <testcase name="statsExposeMetricsFriendlyCounters" classname="com.example.tree.retriever.store.InMemorySnapshotStoreTest" time="0.001"/>
</testsuite>